app072a/app/build/intermediates/manifest_merge_blame_file/debug/processDebugMainManifest/manifest-merger-blame-debug-report.txt
1<?xml version="1.0" encoding="utf-8"?>
2<manifest xmlns:android="http://schemas.android.com/apk/res/android"
3    package="nuril.irfan.app072a"
4    android:versionCode="1"
5    android:versionName="1.0" >
6
7    <uses-sdk
8        android:minSdkVersion="25"
9        android:targetSdkVersion="35" />
10
11    <uses-feature
11-->src\main\AndroidManifest.xml:4:5-5:34
12        android:name="android.hardware.camera"
12-->src\main\AndroidManifest.xml:4:19-57
13        android:required="true" />
13-->src\main\AndroidManifest.xml:5:9-32
14
15    <uses-permission android:name="android.permission.INTERNET" />
15-->src\main\AndroidManifest.xml:6:5-66
15-->src\main\AndroidManifest.xml:6:22-64
16    <uses-permission android:name="android.permission.CAMERA" />
16-->src\main\AndroidManifest.xml:7:5-64
16-->src\main\AndroidManifest.xml:7:22-62
17    <uses-permission
17-->src\main\AndroidManifest.xml:8:5-9:37
18        android:name="android.permission.READ_MEDIA_IMAGES"
18-->src\main\AndroidManifest.xml:8:22-73
19        android:minSdkVersion="33" />
19-->src\main\AndroidManifest.xml:9:9-35
20    <uses-permission
20-->src\main\AndroidManifest.xml:10:5-11:66
21        android:name="android.permission.WRITE_EXTERNAL_STORAGE"
21-->src\main\AndroidManifest.xml:10:22-78
22        android:maxSdkVersion="32" />
22-->src\main\AndroidManifest.xml:11:9-35
23
24    <permission
24-->[androidx.core:core:1.16.0] AndroidManifest.xml:22:5-24:47
25        android:name="nuril.irfan.app072a.DYNAMIC_RECEIVER_NOT_EXPORTED_PERMISSION"
25-->[androidx.core:core:1.16.0] AndroidManifest.xml:23:9-81
26        android:protectionLevel="signature" />
26-->[androidx.core:core:1.16.0] AndroidManifest.xml:24:9-44
27
28    <uses-permission android:name="nuril.irfan.app072a.DYNAMIC_RECEIVER_NOT_EXPORTED_PERMISSION" />
28-->[androidx.core:core:1.16.0] AndroidManifest.xml:26:5-97
28-->[androidx.core:core:1.16.0] AndroidManifest.xml:26:22-94
29
30    <application
30-->src\main\AndroidManifest.xml:13:5-33:19
31        android:allowBackup="true"
31-->src\main\AndroidManifest.xml:15:9-35
32        android:appComponentFactory="androidx.core.app.CoreComponentFactory"
32-->[androidx.core:core:1.16.0] AndroidManifest.xml:28:18-86
33        android:dataExtractionRules="@xml/data_extraction_rules"
33-->src\main\AndroidManifest.xml:16:9-65
34        android:debuggable="true"
35        android:extractNativeLibs="false"
36        android:fullBackupContent="@xml/backup_rules"
36-->src\main\AndroidManifest.xml:17:9-54
37        android:icon="@mipmap/ic_launcher"
37-->src\main\AndroidManifest.xml:18:9-43
38        android:label="@string/app_name"
38-->src\main\AndroidManifest.xml:19:9-41
39        android:roundIcon="@mipmap/ic_launcher_round"
39-->src\main\AndroidManifest.xml:20:9-54
40        android:supportsRtl="true"
40-->src\main\AndroidManifest.xml:21:9-35
41        android:testOnly="true"
42        android:theme="@style/Theme.App072a"
42-->src\main\AndroidManifest.xml:22:9-45
43        android:usesCleartextTraffic="true" >
43-->src\main\AndroidManifest.xml:14:9-44
44        <activity
44-->src\main\AndroidManifest.xml:24:9-32:20
45            android:name="nuril.irfan.app072a.MainActivity"
45-->src\main\AndroidManifest.xml:25:13-41
46            android:exported="true" >
46-->src\main\AndroidManifest.xml:26:13-36
47            <intent-filter>
47-->src\main\AndroidManifest.xml:27:13-31:29
48                <action android:name="android.intent.action.MAIN" />
48-->src\main\AndroidManifest.xml:28:17-69
48-->src\main\AndroidManifest.xml:28:25-66
49
50                <category android:name="android.intent.category.LAUNCHER" />
50-->src\main\AndroidManifest.xml:30:17-77
50-->src\main\AndroidManifest.xml:30:27-74
51            </intent-filter>
52        </activity>
53
54        <provider
54-->[androidx.emoji2:emoji2:1.3.0] AndroidManifest.xml:24:9-32:20
55            android:name="androidx.startup.InitializationProvider"
55-->[androidx.emoji2:emoji2:1.3.0] AndroidManifest.xml:25:13-67
56            android:authorities="nuril.irfan.app072a.androidx-startup"
56-->[androidx.emoji2:emoji2:1.3.0] AndroidManifest.xml:26:13-68
57            android:exported="false" >
57-->[androidx.emoji2:emoji2:1.3.0] AndroidManifest.xml:27:13-37
58            <meta-data
58-->[androidx.emoji2:emoji2:1.3.0] AndroidManifest.xml:29:13-31:52
59                android:name="androidx.emoji2.text.EmojiCompatInitializer"
59-->[androidx.emoji2:emoji2:1.3.0] AndroidManifest.xml:30:17-75
60                android:value="androidx.startup" />
60-->[androidx.emoji2:emoji2:1.3.0] AndroidManifest.xml:31:17-49
61            <meta-data
61-->[androidx.lifecycle:lifecycle-process:2.6.2] AndroidManifest.xml:29:13-31:52
62                android:name="androidx.lifecycle.ProcessLifecycleInitializer"
62-->[androidx.lifecycle:lifecycle-process:2.6.2] AndroidManifest.xml:30:17-78
63                android:value="androidx.startup" />
63-->[androidx.lifecycle:lifecycle-process:2.6.2] AndroidManifest.xml:31:17-49
64            <meta-data
64-->[androidx.profileinstaller:profileinstaller:1.4.0] AndroidManifest.xml:29:13-31:52
65                android:name="androidx.profileinstaller.ProfileInstallerInitializer"
65-->[androidx.profileinstaller:profileinstaller:1.4.0] AndroidManifest.xml:30:17-85
66                android:value="androidx.startup" />
66-->[androidx.profileinstaller:profileinstaller:1.4.0] AndroidManifest.xml:31:17-49
67        </provider>
68        <provider
68-->[com.squareup.picasso:picasso:2.8] AndroidManifest.xml:8:9-11:40
69            android:name="com.squareup.picasso.PicassoProvider"
69-->[com.squareup.picasso:picasso:2.8] AndroidManifest.xml:9:13-64
70            android:authorities="nuril.irfan.app072a.com.squareup.picasso"
70-->[com.squareup.picasso:picasso:2.8] AndroidManifest.xml:10:13-72
71            android:exported="false" />
71-->[com.squareup.picasso:picasso:2.8] AndroidManifest.xml:11:13-37
72
73        <receiver
73-->[androidx.profileinstaller:profileinstaller:1.4.0] AndroidManifest.xml:34:9-52:20
74            android:name="androidx.profileinstaller.ProfileInstallReceiver"
74-->[androidx.profileinstaller:profileinstaller:1.4.0] AndroidManifest.xml:35:13-76
75            android:directBootAware="false"
75-->[androidx.profileinstaller:profileinstaller:1.4.0] AndroidManifest.xml:36:13-44
76            android:enabled="true"
76-->[androidx.profileinstaller:profileinstaller:1.4.0] AndroidManifest.xml:37:13-35
77            android:exported="true"
77-->[androidx.profileinstaller:profileinstaller:1.4.0] AndroidManifest.xml:38:13-36
78            android:permission="android.permission.DUMP" >
78-->[androidx.profileinstaller:profileinstaller:1.4.0] AndroidManifest.xml:39:13-57
79            <intent-filter>
79-->[androidx.profileinstaller:profileinstaller:1.4.0] AndroidManifest.xml:40:13-42:29
80                <action android:name="androidx.profileinstaller.action.INSTALL_PROFILE" />
80-->[androidx.profileinstaller:profileinstaller:1.4.0] AndroidManifest.xml:41:17-91
80-->[androidx.profileinstaller:profileinstaller:1.4.0] AndroidManifest.xml:41:25-88
81            </intent-filter>
82            <intent-filter>
82-->[androidx.profileinstaller:profileinstaller:1.4.0] AndroidManifest.xml:43:13-45:29
83                <action android:name="androidx.profileinstaller.action.SKIP_FILE" />
83-->[androidx.profileinstaller:profileinstaller:1.4.0] AndroidManifest.xml:44:17-85
83-->[androidx.profileinstaller:profileinstaller:1.4.0] AndroidManifest.xml:44:25-82
84            </intent-filter>
85            <intent-filter>
85-->[androidx.profileinstaller:profileinstaller:1.4.0] AndroidManifest.xml:46:13-48:29
86                <action android:name="androidx.profileinstaller.action.SAVE_PROFILE" />
86-->[androidx.profileinstaller:profileinstaller:1.4.0] AndroidManifest.xml:47:17-88
86-->[androidx.profileinstaller:profileinstaller:1.4.0] AndroidManifest.xml:47:25-85
87            </intent-filter>
88            <intent-filter>
88-->[androidx.profileinstaller:profileinstaller:1.4.0] AndroidManifest.xml:49:13-51:29
89                <action android:name="androidx.profileinstaller.action.BENCHMARK_OPERATION" />
89-->[androidx.profileinstaller:profileinstaller:1.4.0] AndroidManifest.xml:50:17-95
89-->[androidx.profileinstaller:profileinstaller:1.4.0] AndroidManifest.xml:50:25-92
90            </intent-filter>
91        </receiver>
92    </application>
93
94</manifest>